<?xml version="1.0" encoding="UTF-8"?>
<!-- Generated by org.testng.reporters.JUnitReportReporter -->
<testsuite hostname="DESKTOP-REU327F" name="org.orangehrm.test.MyInfoTest" tests="1" failures="0" timestamp="23 Aug 2016 03:36:55 GMT" time="13.499" errors="0">
  <testcase name="editPersonalDetails" time="13.499" classname="org.orangehrm.test.MyInfoTest"/>
</testsuite> <!-- org.orangehrm.test.MyInfoTest -->
