<?xml version="1.0" encoding="UTF-8"?>
<!-- Generated by org.testng.reporters.JUnitReportReporter -->
<testsuite hostname="DESKTOP-REU327F" name="org.orangehrm.test.OnBoardingTest" tests="1" failures="0" timestamp="23 Aug 2016 03:36:55 GMT" time="12.102" errors="0">
  <testcase name="myTaskInformation" time="12.102" classname="org.orangehrm.test.OnBoardingTest"/>
</testsuite> <!-- org.orangehrm.test.OnBoardingTest -->
