<?xml version="1.0" encoding="UTF-8"?>
<!-- Generated by org.testng.reporters.JUnitReportReporter -->
<testsuite hostname="DESKTOP-REU327F" name="org.orangehrm.test.trainingTest" tests="2" failures="0" timestamp="21 Aug 2016 21:33:43 GMT" time="20.991" errors="0">
  <testcase name="searchStudentSessionList" time="11.929" classname="org.orangehrm.test.trainingTest"/>
  <testcase name="searchTrainerSessionList" time="9.062" classname="org.orangehrm.test.trainingTest"/>
</testsuite> <!-- org.orangehrm.test.trainingTest -->
