<?xml version="1.0" encoding="UTF-8"?>
<!-- Generated by org.testng.reporters.JUnitReportReporter -->
<testsuite hostname="DESKTOP-REU327F" name="org.orangehrm.test.LoginTest" tests="3" failures="0" timestamp="23 Aug 2016 03:36:55 GMT" time="20.112" errors="0">
  <testcase name="loginTestMethod" time="8.522" classname="org.orangehrm.test.LoginTest"/>
  <testcase name="loginTestMethod" time="6.133" classname="org.orangehrm.test.LoginTest"/>
  <testcase name="loginTestMethod" time="5.457" classname="org.orangehrm.test.LoginTest"/>
</testsuite> <!-- org.orangehrm.test.LoginTest -->
